{"C:\\Users\\Vanessa\\Desktop\\jackson-LAMA26\\src\\business\\BandBusiness.ts": {"path":"C:\\Users\\Vanessa\\Desktop\\jackson-LAMA26\\src\\business\\BandBusiness.ts","statementMap":{"0":{"start":{"line":1,"column":0},"end":{"line":1,"column":47}},"1":{"start":{"line":2,"column":0},"end":{"line":2,"column":74}},"2":{"start":{"line":4,"column":0},"end":{"line":4,"column":68}},"3":{"start":{"line":5,"column":0},"end":{"line":5,"column":63}},"4":{"start":{"line":6,"column":0},"end":{"line":6,"column":48}},"5":{"start":{"line":11,"column":16},"end":{"line":11,"column":46}},"6":{"start":{"line":12,"column":16},"end":{"line":12,"column":40}},"7":{"start":{"line":13,"column":16},"end":{"line":13,"column":42}},"8":{"start":{"line":16,"column":11},"end":{"line":45,"column":null}},"9":{"start":{"line":16,"column":81},"end":{"line":45,"column":null}},"10":{"start":{"line":18,"column":50},"end":{"line":18,"column":55}},"11":{"start":{"line":19,"column":8},"end":{"line":44,"column":null}},"12":{"start":{"line":21,"column":12},"end":{"line":23,"column":null}},"13":{"start":{"line":22,"column":16},"end":{"line":22,"column":60}},"14":{"start":{"line":25,"column":50},"end":{"line":25,"column":83}},"15":{"start":{"line":27,"column":25},"end":{"line":27,"column":39}},"16":{"start":{"line":29,"column":12},"end":{"line":31,"column":null}},"17":{"start":{"line":30,"column":16},"end":{"line":30,"column":71}},"18":{"start":{"line":32,"column":31},"end":{"line":32,"column":58}},"19":{"start":{"line":34,"column":31},"end":{"line":34,"column":75}},"20":{"start":{"line":36,"column":12},"end":{"line":36,"column":null}},"21":{"start":{"line":38,"column":39},"end":{"line":38,"column":83}},"22":{"start":{"line":40,"column":12},"end":{"line":40,"column":null}},"23":{"start":{"line":43,"column":12},"end":{"line":43,"column":null}},"24":{"start":{"line":47,"column":11},"end":{"line":66,"column":null}},"25":{"start":{"line":47,"column":76},"end":{"line":66,"column":null}},"26":{"start":{"line":49,"column":8},"end":{"line":65,"column":null}},"27":{"start":{"line":51,"column":26},"end":{"line":51,"column":36}},"28":{"start":{"line":53,"column":50},"end":{"line":53,"column":83}},"29":{"start":{"line":54,"column":33},"end":{"line":54,"column":35}},"30":{"start":{"line":55,"column":32},"end":{"line":55,"column":78}},"31":{"start":{"line":57,"column":12},"end":{"line":59,"column":null}},"32":{"start":{"line":58,"column":13},"end":{"line":58,"column":52}},"33":{"start":{"line":61,"column":13},"end":{"line":61,"column":null}},"34":{"start":{"line":64,"column":12},"end":{"line":64,"column":43}},"35":{"start":{"line":8,"column":0},"end":{"line":8,"column":13}},"36":{"start":{"line":70,"column":0},"end":{"line":74,"column":null}}},"fnMap":{"0":{"name":"(anonymous_8)","decl":{"start":{"line":10,"column":4},"end":{"line":10,"column":null}},"loc":{"start":{"line":13,"column":42},"end":{"line":15,"column":2}}},"1":{"name":"(anonymous_9)","decl":{"start":{"line":16,"column":24},"end":{"line":16,"column":31}},"loc":{"start":{"line":16,"column":81},"end":{"line":45,"column":null}}},"2":{"name":"(anonymous_10)","decl":{"start":{"line":16,"column":81},"end":{"line":16,"column":null}},"loc":{"start":{"line":16,"column":81},"end":{"line":45,"column":5}}},"3":{"name":"(anonymous_11)","decl":{"start":{"line":47,"column":25},"end":{"line":47,"column":32}},"loc":{"start":{"line":47,"column":76},"end":{"line":66,"column":null}}},"4":{"name":"(anonymous_12)","decl":{"start":{"line":47,"column":76},"end":{"line":47,"column":null}},"loc":{"start":{"line":47,"column":76},"end":{"line":66,"column":5}}}},"branchMap":{"0":{"loc":{"start":{"line":21,"column":12},"end":{"line":23,"column":null}},"type":"if","locations":[{"start":{"line":21,"column":12},"end":{"line":23,"column":null}},{"start":{"line":21,"column":12},"end":{"line":23,"column":null}}]},"1":{"loc":{"start":{"line":21,"column":16},"end":{"line":21,"column":21}},"type":"binary-expr","locations":[{"start":{"line":21,"column":16},"end":{"line":21,"column":21}},{"start":{"line":21,"column":25},"end":{"line":21,"column":36}},{"start":{"line":21,"column":40},"end":{"line":21,"column":52}}]},"2":{"loc":{"start":{"line":29,"column":12},"end":{"line":31,"column":null}},"type":"if","locations":[{"start":{"line":29,"column":12},"end":{"line":31,"column":null}},{"start":{"line":29,"column":12},"end":{"line":31,"column":null}}]},"3":{"loc":{"start":{"line":57,"column":12},"end":{"line":59,"column":null}},"type":"if","locations":[{"start":{"line":57,"column":12},"end":{"line":59,"column":null}},{"start":{"line":57,"column":12},"end":{"line":59,"column":null}}]}},"s":{"0":1,"1":1,"2":1,"3":1,"4":1,"5":2,"6":2,"7":2,"8":2,"9":3,"10":3,"11":3,"12":3,"13":3,"14":0,"15":0,"16":0,"17":0,"18":0,"19":0,"20":0,"21":0,"22":0,"23":3,"24":2,"25":0,"26":0,"27":0,"28":0,"29":0,"30":0,"31":0,"32":0,"33":0,"34":0,"35":1,"36":1},"f":{"0":2,"1":3,"2":3,"3":0,"4":0},"b":{"0":[3,0],"1":[3,2,1],"2":[0,0],"3":[0,0]}}
,"C:\\Users\\Vanessa\\Desktop\\jackson-LAMA26\\src\\business\\UserBusiness.ts": {"path":"C:\\Users\\Vanessa\\Desktop\\jackson-LAMA26\\src\\business\\UserBusiness.ts","statementMap":{"0":{"start":{"line":2,"column":0},"end":{"line":2,"column":66}},"1":{"start":{"line":3,"column":0},"end":{"line":3,"column":69}},"2":{"start":{"line":4,"column":0},"end":{"line":4,"column":67}},"3":{"start":{"line":5,"column":0},"end":{"line":5,"column":75}},"4":{"start":{"line":6,"column":0},"end":{"line":6,"column":49}},"5":{"start":{"line":11,"column":15},"end":{"line":11,"column":39}},"6":{"start":{"line":12,"column":15},"end":{"line":12,"column":39}},"7":{"start":{"line":13,"column":15},"end":{"line":13,"column":45}},"8":{"start":{"line":14,"column":15},"end":{"line":14,"column":42}},"9":{"start":{"line":19,"column":8},"end":{"line":51,"column":null}},"10":{"start":{"line":21,"column":8},"end":{"line":23,"column":null}},"11":{"start":{"line":22,"column":12},"end":{"line":22,"column":56}},"12":{"start":{"line":25,"column":9},"end":{"line":27,"column":null}},"13":{"start":{"line":26,"column":12},"end":{"line":26,"column":56}},"14":{"start":{"line":29,"column":9},"end":{"line":31,"column":null}},"15":{"start":{"line":30,"column":12},"end":{"line":30,"column":59}},"16":{"start":{"line":33,"column":19},"end":{"line":33,"column":46}},"17":{"start":{"line":35,"column":28},"end":{"line":35,"column":45}},"18":{"start":{"line":36,"column":29},"end":{"line":36,"column":71}},"19":{"start":{"line":38,"column":29},"end":{"line":38,"column":47}},"20":{"start":{"line":39,"column":8},"end":{"line":39,"column":95}},"21":{"start":{"line":41,"column":28},"end":{"line":41,"column":81}},"22":{"start":{"line":43,"column":8},"end":{"line":43,"column":29}},"23":{"start":{"line":46,"column":8},"end":{"line":48,"column":null}},"24":{"start":{"line":47,"column":11},"end":{"line":47,"column":null}},"25":{"start":{"line":50,"column":8},"end":{"line":50,"column":null}},"26":{"start":{"line":57,"column":8},"end":{"line":83,"column":null}},"27":{"start":{"line":59,"column":12},"end":{"line":61,"column":null}},"28":{"start":{"line":60,"column":16},"end":{"line":60,"column":60}},"29":{"start":{"line":63,"column":29},"end":{"line":63,"column":47}},"30":{"start":{"line":64,"column":27},"end":{"line":64,"column":77}},"31":{"start":{"line":66,"column":8},"end":{"line":68,"column":null}},"32":{"start":{"line":67,"column":12},"end":{"line":67,"column":62}},"33":{"start":{"line":70,"column":28},"end":{"line":70,"column":45}},"34":{"start":{"line":71,"column":28},"end":{"line":71,"column":99}},"35":{"start":{"line":73,"column":28},"end":{"line":73,"column":112}},"36":{"start":{"line":75,"column":8},"end":{"line":77,"column":null}},"37":{"start":{"line":76,"column":12},"end":{"line":76,"column":62}},"38":{"start":{"line":79,"column":8},"end":{"line":79,"column":29}},"39":{"start":{"line":82,"column":8},"end":{"line":82,"column":null}},"40":{"start":{"line":8,"column":0},"end":{"line":8,"column":13}},"41":{"start":{"line":87,"column":0},"end":{"line":92,"column":null}}},"fnMap":{"0":{"name":"(anonymous_14)","decl":{"start":{"line":10,"column":4},"end":{"line":10,"column":null}},"loc":{"start":{"line":14,"column":42},"end":{"line":15,"column":7}}},"1":{"name":"(anonymous_15)","decl":{"start":{"line":17,"column":10},"end":{"line":17,"column":20}},"loc":{"start":{"line":17,"column":39},"end":{"line":53,"column":null}}},"2":{"name":"(anonymous_17)","decl":{"start":{"line":55,"column":10},"end":{"line":55,"column":24}},"loc":{"start":{"line":55,"column":44},"end":{"line":84,"column":null}}}},"branchMap":{"0":{"loc":{"start":{"line":21,"column":8},"end":{"line":23,"column":null}},"type":"if","locations":[{"start":{"line":21,"column":8},"end":{"line":23,"column":null}},{"start":{"line":21,"column":8},"end":{"line":23,"column":null}}]},"1":{"loc":{"start":{"line":21,"column":12},"end":{"line":21,"column":22}},"type":"binary-expr","locations":[{"start":{"line":21,"column":12},"end":{"line":21,"column":22}},{"start":{"line":21,"column":26},"end":{"line":21,"column":37}},{"start":{"line":21,"column":41},"end":{"line":21,"column":55}}]},"2":{"loc":{"start":{"line":25,"column":9},"end":{"line":27,"column":null}},"type":"if","locations":[{"start":{"line":25,"column":9},"end":{"line":27,"column":null}},{"start":{"line":25,"column":9},"end":{"line":27,"column":null}}]},"3":{"loc":{"start":{"line":29,"column":9},"end":{"line":31,"column":null}},"type":"if","locations":[{"start":{"line":29,"column":9},"end":{"line":31,"column":null}},{"start":{"line":29,"column":9},"end":{"line":31,"column":null}}]},"4":{"loc":{"start":{"line":46,"column":8},"end":{"line":48,"column":null}},"type":"if","locations":[{"start":{"line":46,"column":8},"end":{"line":48,"column":null}},{"start":{"line":46,"column":8},"end":{"line":48,"column":null}}]},"5":{"loc":{"start":{"line":59,"column":12},"end":{"line":61,"column":null}},"type":"if","locations":[{"start":{"line":59,"column":12},"end":{"line":61,"column":null}},{"start":{"line":59,"column":12},"end":{"line":61,"column":null}}]},"6":{"loc":{"start":{"line":59,"column":16},"end":{"line":59,"column":27}},"type":"binary-expr","locations":[{"start":{"line":59,"column":16},"end":{"line":59,"column":27}},{"start":{"line":59,"column":31},"end":{"line":59,"column":45}}]},"7":{"loc":{"start":{"line":66,"column":8},"end":{"line":68,"column":null}},"type":"if","locations":[{"start":{"line":66,"column":8},"end":{"line":68,"column":null}},{"start":{"line":66,"column":8},"end":{"line":68,"column":null}}]},"8":{"loc":{"start":{"line":75,"column":8},"end":{"line":77,"column":null}},"type":"if","locations":[{"start":{"line":75,"column":8},"end":{"line":77,"column":null}},{"start":{"line":75,"column":8},"end":{"line":77,"column":null}}]}},"s":{"0":1,"1":1,"2":1,"3":1,"4":1,"5":4,"6":4,"7":4,"8":4,"9":7,"10":7,"11":3,"12":4,"13":1,"14":3,"15":1,"16":2,"17":2,"18":2,"19":2,"20":2,"21":2,"22":2,"23":5,"24":0,"25":5,"26":5,"27":5,"28":2,"29":3,"30":3,"31":3,"32":2,"33":1,"34":1,"35":0,"36":0,"37":0,"38":0,"39":5,"40":1,"41":1},"f":{"0":4,"1":7,"2":5},"b":{"0":[3,4],"1":[7,6,5],"2":[1,3],"3":[1,2],"4":[0,5],"5":[2,3],"6":[5,4],"7":[2,1],"8":[0,0]}}
,"C:\\Users\\Vanessa\\Desktop\\jackson-LAMA26\\src\\data\\BandDatabase.ts": {"path":"C:\\Users\\Vanessa\\Desktop\\jackson-LAMA26\\src\\data\\BandDatabase.ts","statementMap":{"0":{"start":{"line":1,"column":0},"end":{"line":1,"column":37}},"1":{"start":{"line":2,"column":0},"end":{"line":2,"column":46}},"2":{"start":{"line":6,"column":12},"end":{"line":6,"column":null}},"3":{"start":{"line":8,"column":11},"end":{"line":8,"column":null}},"4":{"start":{"line":8,"column":40},"end":{"line":8,"column":54}},"5":{"start":{"line":14,"column":8},"end":{"line":23,"column":null}},"6":{"start":{"line":15,"column":12},"end":{"line":20,"column":null}},"7":{"start":{"line":22,"column":13},"end":{"line":22,"column":76}},"8":{"start":{"line":29,"column":12},"end":{"line":43,"column":null}},"9":{"start":{"line":30,"column":30},"end":{"line":32,"column":54}},"10":{"start":{"line":34,"column":15},"end":{"line":39,"column":null}},"11":{"start":{"line":42,"column":15},"end":{"line":42,"column":null}},"12":{"start":{"line":4,"column":0},"end":{"line":4,"column":13}},"13":{"start":{"line":48,"column":0},"end":{"line":48,"column":null}}},"fnMap":{"0":{"name":"(anonymous_7)","decl":{"start":{"line":4,"column":0},"end":{"line":4,"column":13}},"loc":{"start":{"line":4,"column":0},"end":{"line":46,"column":1}}},"1":{"name":"(anonymous_8)","decl":{"start":{"line":8,"column":26},"end":{"line":8,"column":37}},"loc":{"start":{"line":8,"column":40},"end":{"line":8,"column":54}}},"2":{"name":"(anonymous_9)","decl":{"start":{"line":10,"column":17},"end":{"line":10,"column":27}},"loc":{"start":{"line":11,"column":17},"end":{"line":24,"column":null}}},"3":{"name":"(anonymous_11)","decl":{"start":{"line":25,"column":21},"end":{"line":25,"column":31}},"loc":{"start":{"line":27,"column":24},"end":{"line":44,"column":null}}}},"branchMap":{"0":{"loc":{"start":{"line":42,"column":31},"end":{"line":42,"column":47}},"type":"binary-expr","locations":[{"start":{"line":42,"column":31},"end":{"line":42,"column":47}},{"start":{"line":42,"column":51},"end":{"line":42,"column":64}}]}},"s":{"0":1,"1":1,"2":1,"3":1,"4":0,"5":0,"6":0,"7":0,"8":0,"9":0,"10":0,"11":0,"12":1,"13":1},"f":{"0":1,"1":0,"2":0,"3":0},"b":{"0":[0,0]}}
,"C:\\Users\\Vanessa\\Desktop\\jackson-LAMA26\\src\\data\\BaseDatabase.ts": {"path":"C:\\Users\\Vanessa\\Desktop\\jackson-LAMA26\\src\\data\\BaseDatabase.ts","statementMap":{"0":{"start":{"line":1,"column":0},"end":{"line":1,"column":24}},"1":{"start":{"line":10,"column":8},"end":{"line":21,"column":null}},"2":{"start":{"line":11,"column":12},"end":{"line":20,"column":17}},"3":{"start":{"line":23,"column":8},"end":{"line":23,"column":39}},"4":{"start":{"line":27,"column":8},"end":{"line":30,"column":null}},"5":{"start":{"line":28,"column":12},"end":{"line":28,"column":52}},"6":{"start":{"line":29,"column":12},"end":{"line":29,"column":43}},"7":{"start":{"line":5,"column":0},"end":{"line":5,"column":22}},"8":{"start":{"line":7,"column":19},"end":{"line":7,"column":50}}},"fnMap":{"0":{"name":"(anonymous_8)","decl":{"start":{"line":9,"column":14},"end":{"line":9,"column":27}},"loc":{"start":{"line":9,"column":27},"end":{"line":24,"column":5}}},"1":{"name":"(anonymous_9)","decl":{"start":{"line":26,"column":11},"end":{"line":26,"column":17}},"loc":{"start":{"line":26,"column":41},"end":{"line":31,"column":null}}}},"branchMap":{"0":{"loc":{"start":{"line":10,"column":8},"end":{"line":21,"column":null}},"type":"if","locations":[{"start":{"line":10,"column":8},"end":{"line":21,"column":null}},{"start":{"line":10,"column":8},"end":{"line":21,"column":null}}]},"1":{"loc":{"start":{"line":27,"column":8},"end":{"line":30,"column":null}},"type":"if","locations":[{"start":{"line":27,"column":8},"end":{"line":30,"column":null}},{"start":{"line":27,"column":8},"end":{"line":30,"column":null}}]}},"s":{"0":2,"1":0,"2":0,"3":0,"4":0,"5":0,"6":0,"7":2,"8":2},"f":{"0":0,"1":0},"b":{"0":[0,0],"1":[0,0]}}
,"C:\\Users\\Vanessa\\Desktop\\jackson-LAMA26\\src\\data\\UserDatabase.ts": {"path":"C:\\Users\\Vanessa\\Desktop\\jackson-LAMA26\\src\\data\\UserDatabase.ts","statementMap":{"0":{"start":{"line":1,"column":0},"end":{"line":1,"column":46}},"1":{"start":{"line":2,"column":0},"end":{"line":2,"column":37}},"2":{"start":{"line":15,"column":4},"end":{"line":27,"column":null}},"3":{"start":{"line":16,"column":6},"end":{"line":24,"column":39}},"4":{"start":{"line":26,"column":6},"end":{"line":26,"column":57}},"5":{"start":{"line":31,"column":19},"end":{"line":34,"column":23}},"6":{"start":{"line":36,"column":4},"end":{"line":36,"column":39}},"7":{"start":{"line":4,"column":0},"end":{"line":4,"column":13}},"8":{"start":{"line":6,"column":17},"end":{"line":6,"column":54}},"9":{"start":{"line":41,"column":0},"end":{"line":41,"column":null}}},"fnMap":{"0":{"name":"(anonymous_7)","decl":{"start":{"line":8,"column":15},"end":{"line":8,"column":25}},"loc":{"start":{"line":13,"column":16},"end":{"line":28,"column":null}}},"1":{"name":"(anonymous_9)","decl":{"start":{"line":30,"column":15},"end":{"line":30,"column":29}},"loc":{"start":{"line":30,"column":43},"end":{"line":37,"column":null}}}},"branchMap":{"0":{"loc":{"start":{"line":26,"column":22},"end":{"line":26,"column":38}},"type":"binary-expr","locations":[{"start":{"line":26,"column":22},"end":{"line":26,"column":38}},{"start":{"line":26,"column":42},"end":{"line":26,"column":55}}]}},"s":{"0":1,"1":1,"2":0,"3":0,"4":0,"5":0,"6":0,"7":1,"8":1,"9":1},"f":{"0":0,"1":0},"b":{"0":[0,0]}}
,"C:\\Users\\Vanessa\\Desktop\\jackson-LAMA26\\src\\error\\BaseError.ts": {"path":"C:\\Users\\Vanessa\\Desktop\\jackson-LAMA26\\src\\error\\BaseError.ts","statementMap":{"0":{"start":{"line":6,"column":5},"end":{"line":6,"column":20}},"1":{"start":{"line":3,"column":12},"end":{"line":3,"column":30}},"2":{"start":{"line":1,"column":0},"end":{"line":1,"column":13}}},"fnMap":{"0":{"name":"(anonymous_0)","decl":{"start":{"line":2,"column":2},"end":{"line":2,"column":null}},"loc":{"start":{"line":4,"column":20},"end":{"line":7,"column":3}}}},"branchMap":{},"s":{"0":25,"1":25,"2":2},"f":{"0":25},"b":{}}
,"C:\\Users\\Vanessa\\Desktop\\jackson-LAMA26\\src\\model\\Band.ts": {"path":"C:\\Users\\Vanessa\\Desktop\\jackson-LAMA26\\src\\model\\Band.ts","statementMap":{"0":{"start":{"line":20,"column":11},"end":{"line":20,"column":null}},"1":{"start":{"line":20,"column":33},"end":{"line":20,"column":40}},"2":{"start":{"line":21,"column":11},"end":{"line":21,"column":null}},"3":{"start":{"line":21,"column":35},"end":{"line":21,"column":44}},"4":{"start":{"line":22,"column":11},"end":{"line":22,"column":null}},"5":{"start":{"line":22,"column":41},"end":{"line":22,"column":56}},"6":{"start":{"line":23,"column":11},"end":{"line":23,"column":null}},"7":{"start":{"line":23,"column":42},"end":{"line":23,"column":58}},"8":{"start":{"line":14,"column":7},"end":{"line":14,"column":null}},"9":{"start":{"line":15,"column":7},"end":{"line":15,"column":null}},"10":{"start":{"line":16,"column":7},"end":{"line":16,"column":null}},"11":{"start":{"line":17,"column":7},"end":{"line":17,"column":null}},"12":{"start":{"line":1,"column":0},"end":{"line":1,"column":13}}},"fnMap":{"0":{"name":"(anonymous_0)","decl":{"start":{"line":8,"column":4},"end":{"line":8,"column":null}},"loc":{"start":{"line":12,"column":26},"end":{"line":18,"column":5}}},"1":{"name":"(anonymous_1)","decl":{"start":{"line":20,"column":19},"end":{"line":20,"column":30}},"loc":{"start":{"line":20,"column":33},"end":{"line":20,"column":40}}},"2":{"name":"(anonymous_2)","decl":{"start":{"line":21,"column":21},"end":{"line":21,"column":32}},"loc":{"start":{"line":21,"column":35},"end":{"line":21,"column":44}}},"3":{"name":"(anonymous_3)","decl":{"start":{"line":22,"column":27},"end":{"line":22,"column":38}},"loc":{"start":{"line":22,"column":41},"end":{"line":22,"column":56}}},"4":{"name":"(anonymous_4)","decl":{"start":{"line":23,"column":28},"end":{"line":23,"column":39}},"loc":{"start":{"line":23,"column":42},"end":{"line":23,"column":58}}}},"branchMap":{},"s":{"0":0,"1":0,"2":0,"3":0,"4":0,"5":0,"6":0,"7":0,"8":0,"9":0,"10":0,"11":0,"12":1},"f":{"0":0,"1":0,"2":0,"3":0,"4":0},"b":{}}
,"C:\\Users\\Vanessa\\Desktop\\jackson-LAMA26\\src\\model\\User.ts": {"path":"C:\\Users\\Vanessa\\Desktop\\jackson-LAMA26\\src\\model\\User.ts","statementMap":{"0":{"start":{"line":1,"column":0},"end":{"line":1,"column":49}},"1":{"start":{"line":5,"column":12},"end":{"line":5,"column":22}},"2":{"start":{"line":6,"column":12},"end":{"line":6,"column":24}},"3":{"start":{"line":7,"column":12},"end":{"line":7,"column":25}},"4":{"start":{"line":8,"column":12},"end":{"line":8,"column":28}},"5":{"start":{"line":9,"column":12},"end":{"line":9,"column":26}},"6":{"start":{"line":13,"column":8},"end":{"line":13,"column":23}},"7":{"start":{"line":17,"column":8},"end":{"line":17,"column":null}},"8":{"start":{"line":21,"column":8},"end":{"line":21,"column":26}},"9":{"start":{"line":25,"column":8},"end":{"line":25,"column":29}},"10":{"start":{"line":29,"column":8},"end":{"line":29,"column":25}},"11":{"start":{"line":33,"column":8},"end":{"line":33,"column":21}},"12":{"start":{"line":37,"column":8},"end":{"line":37,"column":25}},"13":{"start":{"line":41,"column":8},"end":{"line":41,"column":27}},"14":{"start":{"line":45,"column":8},"end":{"line":45,"column":33}},"15":{"start":{"line":49,"column":8},"end":{"line":49,"column":25}},"16":{"start":{"line":53,"column":8},"end":{"line":60,"column":null}},"17":{"start":{"line":55,"column":14},"end":{"line":55,"column":37}},"18":{"start":{"line":57,"column":14},"end":{"line":57,"column":36}},"19":{"start":{"line":59,"column":16},"end":{"line":59,"column":64}},"20":{"start":{"line":64,"column":8},"end":{"line":64,"column":105}},"21":{"start":{"line":3,"column":0},"end":{"line":3,"column":13}},"22":{"start":{"line":82,"column":0},"end":{"line":82,"column":null}},"23":{"start":{"line":83,"column":4},"end":{"line":83,"column":null}},"24":{"start":{"line":84,"column":4},"end":{"line":84,"column":null}}},"fnMap":{"0":{"name":"(anonymous_0)","decl":{"start":{"line":4,"column":4},"end":{"line":4,"column":null}},"loc":{"start":{"line":9,"column":26},"end":{"line":10,"column":7}}},"1":{"name":"(anonymous_1)","decl":{"start":{"line":12,"column":4},"end":{"line":12,"column":9}},"loc":{"start":{"line":12,"column":9},"end":{"line":14,"column":5}}},"2":{"name":"(anonymous_2)","decl":{"start":{"line":16,"column":4},"end":{"line":16,"column":11}},"loc":{"start":{"line":16,"column":11},"end":{"line":18,"column":5}}},"3":{"name":"(anonymous_3)","decl":{"start":{"line":20,"column":4},"end":{"line":20,"column":12}},"loc":{"start":{"line":20,"column":12},"end":{"line":22,"column":5}}},"4":{"name":"(anonymous_4)","decl":{"start":{"line":24,"column":4},"end":{"line":24,"column":15}},"loc":{"start":{"line":24,"column":15},"end":{"line":26,"column":5}}},"5":{"name":"(anonymous_5)","decl":{"start":{"line":28,"column":4},"end":{"line":28,"column":11}},"loc":{"start":{"line":28,"column":11},"end":{"line":30,"column":5}}},"6":{"name":"(anonymous_6)","decl":{"start":{"line":32,"column":4},"end":{"line":32,"column":9}},"loc":{"start":{"line":32,"column":20},"end":{"line":34,"column":5}}},"7":{"name":"(anonymous_7)","decl":{"start":{"line":36,"column":4},"end":{"line":36,"column":11}},"loc":{"start":{"line":36,"column":24},"end":{"line":38,"column":5}}},"8":{"name":"(anonymous_8)","decl":{"start":{"line":40,"column":4},"end":{"line":40,"column":12}},"loc":{"start":{"line":40,"column":26},"end":{"line":42,"column":5}}},"9":{"name":"(anonymous_9)","decl":{"start":{"line":44,"column":4},"end":{"line":44,"column":15}},"loc":{"start":{"line":44,"column":32},"end":{"line":46,"column":5}}},"10":{"name":"(anonymous_10)","decl":{"start":{"line":48,"column":4},"end":{"line":48,"column":11}},"loc":{"start":{"line":48,"column":26},"end":{"line":50,"column":5}}},"11":{"name":"(anonymous_11)","decl":{"start":{"line":52,"column":3},"end":{"line":52,"column":9}},"loc":{"start":{"line":52,"column":40},"end":{"line":61,"column":5}}},"12":{"name":"(anonymous_12)","decl":{"start":{"line":63,"column":4},"end":{"line":63,"column":10}},"loc":{"start":{"line":63,"column":32},"end":{"line":65,"column":7}}},"13":{"name":"(anonymous_13)","decl":{"start":{"line":82,"column":0},"end":{"line":82,"column":12}},"loc":{"start":{"line":82,"column":20},"end":{"line":85,"column":1}}}},"branchMap":{"0":{"loc":{"start":{"line":54,"column":12},"end":{"line":55,"column":37}},"type":"switch","locations":[{"start":{"line":54,"column":12},"end":{"line":55,"column":37}},{"start":{"line":56,"column":12},"end":{"line":57,"column":36}},{"start":{"line":58,"column":12},"end":{"line":59,"column":64}}]},"1":{"loc":{"start":{"line":82,"column":12},"end":{"line":82,"column":20}},"type":"binary-expr","locations":[{"start":{"line":82,"column":12},"end":{"line":82,"column":20}},{"start":{"line":82,"column":12},"end":{"line":82,"column":null}}]}},"s":{"0":1,"1":1,"2":1,"3":1,"4":1,"5":1,"6":0,"7":0,"8":0,"9":1,"10":0,"11":0,"12":0,"13":0,"14":0,"15":0,"16":0,"17":0,"18":0,"19":0,"20":0,"21":1,"22":1,"23":1,"24":1},"f":{"0":1,"1":0,"2":0,"3":0,"4":1,"5":0,"6":0,"7":0,"8":0,"9":0,"10":0,"11":0,"12":0,"13":1},"b":{"0":[0,0,0],"1":[1,1]}}
,"C:\\Users\\Vanessa\\Desktop\\jackson-LAMA26\\src\\services\\Authenticator.ts": {"path":"C:\\Users\\Vanessa\\Desktop\\jackson-LAMA26\\src\\services\\Authenticator.ts","statementMap":{"0":{"start":{"line":1,"column":0},"end":{"line":1,"column":36}},"1":{"start":{"line":2,"column":0},"end":{"line":2,"column":28}},"2":{"start":{"line":4,"column":0},"end":{"line":4,"column":16}},"3":{"start":{"line":9,"column":9},"end":{"line":21,"column":4}},"4":{"start":{"line":10,"column":21},"end":{"line":18,"column":null}},"5":{"start":{"line":20,"column":4},"end":{"line":20,"column":20}},"6":{"start":{"line":24,"column":20},"end":{"line":24,"column":75}},"7":{"start":{"line":25,"column":19},"end":{"line":25,"column":57}},"8":{"start":{"line":26,"column":4},"end":{"line":26,"column":18}},"9":{"start":{"line":6,"column":0},"end":{"line":6,"column":13}},"10":{"start":{"line":7,"column":17},"end":{"line":7,"column":42}},"11":{"start":{"line":35,"column":0},"end":{"line":35,"column":null}}},"fnMap":{"0":{"name":"(anonymous_7)","decl":{"start":{"line":6,"column":0},"end":{"line":6,"column":13}},"loc":{"start":{"line":6,"column":0},"end":{"line":28,"column":1}}},"1":{"name":"(anonymous_8)","decl":{"start":{"line":9,"column":20},"end":{"line":9,"column":21}},"loc":{"start":{"line":9,"column":58},"end":{"line":21,"column":3}}},"2":{"name":"(anonymous_9)","decl":{"start":{"line":23,"column":9},"end":{"line":23,"column":15}},"loc":{"start":{"line":23,"column":29},"end":{"line":27,"column":3}}}},"branchMap":{},"s":{"0":2,"1":2,"2":2,"3":2,"4":0,"5":0,"6":0,"7":0,"8":0,"9":2,"10":2,"11":2},"f":{"0":2,"1":0,"2":0},"b":{}}
,"C:\\Users\\Vanessa\\Desktop\\jackson-LAMA26\\src\\services\\HashManager.ts": {"path":"C:\\Users\\Vanessa\\Desktop\\jackson-LAMA26\\src\\services\\HashManager.ts","statementMap":{"0":{"start":{"line":1,"column":0},"end":{"line":1,"column":35}},"1":{"start":{"line":7,"column":23},"end":{"line":7,"column":25}},"2":{"start":{"line":8,"column":21},"end":{"line":8,"column":49}},"3":{"start":{"line":9,"column":23},"end":{"line":9,"column":52}},"4":{"start":{"line":10,"column":8},"end":{"line":10,"column":22}},"5":{"start":{"line":14,"column":8},"end":{"line":14,"column":48}},"6":{"start":{"line":4,"column":0},"end":{"line":4,"column":13}},"7":{"start":{"line":19,"column":0},"end":{"line":19,"column":null}}},"fnMap":{"0":{"name":"(anonymous_13)","decl":{"start":{"line":6,"column":17},"end":{"line":6,"column":21}},"loc":{"start":{"line":6,"column":34},"end":{"line":11,"column":null}}},"1":{"name":"(anonymous_15)","decl":{"start":{"line":13,"column":17},"end":{"line":13,"column":24}},"loc":{"start":{"line":13,"column":51},"end":{"line":15,"column":null}}}},"branchMap":{},"s":{"0":1,"1":0,"2":0,"3":0,"4":0,"5":0,"6":1,"7":1},"f":{"0":0,"1":0},"b":{}}
,"C:\\Users\\Vanessa\\Desktop\\jackson-LAMA26\\src\\services\\IdGenerator.ts": {"path":"C:\\Users\\Vanessa\\Desktop\\jackson-LAMA26\\src\\services\\IdGenerator.ts","statementMap":{"0":{"start":{"line":1,"column":0},"end":{"line":1,"column":26}},"1":{"start":{"line":5,"column":4},"end":{"line":5,"column":16}},"2":{"start":{"line":3,"column":0},"end":{"line":3,"column":13}},"3":{"start":{"line":9,"column":0},"end":{"line":9,"column":null}}},"fnMap":{"0":{"name":"(anonymous_0)","decl":{"start":{"line":4,"column":9},"end":{"line":4,"column":17}},"loc":{"start":{"line":4,"column":17},"end":{"line":6,"column":3}}}},"branchMap":{},"s":{"0":2,"1":0,"2":2,"3":2},"f":{"0":0},"b":{}}
}
