TN:
SF:src\business\BandBusiness.ts
FN:10,(anonymous_8)
FN:16,(anonymous_9)
FN:16,(anonymous_10)
FN:47,(anonymous_11)
FN:47,(anonymous_12)
FNF:5
FNH:3
FNDA:2,(anonymous_8)
FNDA:3,(anonymous_9)
FNDA:3,(anonymous_10)
FNDA:0,(anonymous_11)
FNDA:0,(anonymous_12)
DA:1,1
DA:2,1
DA:4,1
DA:5,1
DA:6,1
DA:8,1
DA:11,2
DA:12,2
DA:13,2
DA:16,3
DA:18,3
DA:19,3
DA:21,3
DA:22,3
DA:25,0
DA:27,0
DA:29,0
DA:30,0
DA:32,0
DA:34,0
DA:36,0
DA:38,0
DA:40,0
DA:43,3
DA:47,2
DA:49,0
DA:51,0
DA:53,0
DA:54,0
DA:55,0
DA:57,0
DA:58,0
DA:61,0
DA:64,0
DA:70,1
LF:35
LH:17
BRDA:21,0,0,3
BRDA:21,0,1,0
BRDA:21,1,0,3
BRDA:21,1,1,2
BRDA:21,1,2,1
BRDA:29,2,0,0
BRDA:29,2,1,0
BRDA:57,3,0,0
BRDA:57,3,1,0
BRF:9
BRH:4
end_of_record
TN:
SF:src\business\UserBusiness.ts
FN:10,(anonymous_14)
FN:17,(anonymous_15)
FN:55,(anonymous_17)
FNF:3
FNH:3
FNDA:4,(anonymous_14)
FNDA:7,(anonymous_15)
FNDA:5,(anonymous_17)
DA:2,1
DA:3,1
DA:4,1
DA:5,1
DA:6,1
DA:8,1
DA:11,4
DA:12,4
DA:13,4
DA:14,4
DA:19,7
DA:21,7
DA:22,3
DA:25,4
DA:26,1
DA:29,3
DA:30,1
DA:33,2
DA:35,2
DA:36,2
DA:38,2
DA:39,2
DA:41,2
DA:43,2
DA:46,5
DA:47,0
DA:50,5
DA:57,5
DA:59,5
DA:60,2
DA:63,3
DA:64,3
DA:66,3
DA:67,2
DA:70,1
DA:71,1
DA:73,0
DA:75,0
DA:76,0
DA:79,0
DA:82,5
DA:87,1
LF:42
LH:37
BRDA:21,0,0,3
BRDA:21,0,1,4
BRDA:21,1,0,7
BRDA:21,1,1,6
BRDA:21,1,2,5
BRDA:25,2,0,1
BRDA:25,2,1,3
BRDA:29,3,0,1
BRDA:29,3,1,2
BRDA:46,4,0,0
BRDA:46,4,1,5
BRDA:59,5,0,2
BRDA:59,5,1,3
BRDA:59,6,0,5
BRDA:59,6,1,4
BRDA:66,7,0,2
BRDA:66,7,1,1
BRDA:75,8,0,0
BRDA:75,8,1,0
BRF:19
BRH:16
end_of_record
TN:
SF:src\data\BandDatabase.ts
FN:4,(anonymous_7)
FN:8,(anonymous_8)
FN:10,(anonymous_9)
FN:25,(anonymous_11)
FNF:4
FNH:1
FNDA:1,(anonymous_7)
FNDA:0,(anonymous_8)
FNDA:0,(anonymous_9)
FNDA:0,(anonymous_11)
DA:1,1
DA:2,1
DA:4,1
DA:6,1
DA:8,1
DA:14,0
DA:15,0
DA:22,0
DA:29,0
DA:30,0
DA:34,0
DA:42,0
DA:48,1
LF:13
LH:6
BRDA:42,0,0,0
BRDA:42,0,1,0
BRF:2
BRH:0
end_of_record
TN:
SF:src\data\BaseDatabase.ts
FN:9,(anonymous_8)
FN:26,(anonymous_9)
FNF:2
FNH:0
FNDA:0,(anonymous_8)
FNDA:0,(anonymous_9)
DA:1,2
DA:5,2
DA:7,2
DA:10,0
DA:11,0
DA:23,0
DA:27,0
DA:28,0
DA:29,0
LF:9
LH:3
BRDA:10,0,0,0
BRDA:10,0,1,0
BRDA:27,1,0,0
BRDA:27,1,1,0
BRF:4
BRH:0
end_of_record
TN:
SF:src\data\UserDatabase.ts
FN:8,(anonymous_7)
FN:30,(anonymous_9)
FNF:2
FNH:0
FNDA:0,(anonymous_7)
FNDA:0,(anonymous_9)
DA:1,1
DA:2,1
DA:4,1
DA:6,1
DA:15,0
DA:16,0
DA:26,0
DA:31,0
DA:36,0
DA:41,1
LF:10
LH:5
BRDA:26,0,0,0
BRDA:26,0,1,0
BRF:2
BRH:0
end_of_record
TN:
SF:src\error\BaseError.ts
FN:2,(anonymous_0)
FNF:1
FNH:1
FNDA:25,(anonymous_0)
DA:1,2
DA:3,25
DA:6,25
LF:3
LH:3
BRF:0
BRH:0
end_of_record
TN:
SF:src\model\Band.ts
FN:8,(anonymous_0)
FN:20,(anonymous_1)
FN:21,(anonymous_2)
FN:22,(anonymous_3)
FN:23,(anonymous_4)
FNF:5
FNH:0
FNDA:0,(anonymous_0)
FNDA:0,(anonymous_1)
FNDA:0,(anonymous_2)
FNDA:0,(anonymous_3)
FNDA:0,(anonymous_4)
DA:1,1
DA:14,0
DA:15,0
DA:16,0
DA:17,0
DA:20,0
DA:21,0
DA:22,0
DA:23,0
LF:9
LH:1
BRF:0
BRH:0
end_of_record
TN:
SF:src\model\User.ts
FN:4,(anonymous_0)
FN:12,(anonymous_1)
FN:16,(anonymous_2)
FN:20,(anonymous_3)
FN:24,(anonymous_4)
FN:28,(anonymous_5)
FN:32,(anonymous_6)
FN:36,(anonymous_7)
FN:40,(anonymous_8)
FN:44,(anonymous_9)
FN:48,(anonymous_10)
FN:52,(anonymous_11)
FN:63,(anonymous_12)
FN:82,(anonymous_13)
FNF:14
FNH:3
FNDA:1,(anonymous_0)
FNDA:0,(anonymous_1)
FNDA:0,(anonymous_2)
FNDA:0,(anonymous_3)
FNDA:1,(anonymous_4)
FNDA:0,(anonymous_5)
FNDA:0,(anonymous_6)
FNDA:0,(anonymous_7)
FNDA:0,(anonymous_8)
FNDA:0,(anonymous_9)
FNDA:0,(anonymous_10)
FNDA:0,(anonymous_11)
FNDA:0,(anonymous_12)
FNDA:1,(anonymous_13)
DA:1,1
DA:3,1
DA:5,1
DA:6,1
DA:7,1
DA:8,1
DA:9,1
DA:13,0
DA:17,0
DA:21,0
DA:25,1
DA:29,0
DA:33,0
DA:37,0
DA:41,0
DA:45,0
DA:49,0
DA:53,0
DA:55,0
DA:57,0
DA:59,0
DA:64,0
DA:82,1
DA:83,1
DA:84,1
LF:25
LH:11
BRDA:54,0,0,0
BRDA:54,0,1,0
BRDA:54,0,2,0
BRDA:82,1,0,1
BRDA:82,1,1,1
BRF:5
BRH:2
end_of_record
TN:
SF:src\services\Authenticator.ts
FN:6,(anonymous_7)
FN:9,(anonymous_8)
FN:23,(anonymous_9)
FNF:3
FNH:1
FNDA:2,(anonymous_7)
FNDA:0,(anonymous_8)
FNDA:0,(anonymous_9)
DA:1,2
DA:2,2
DA:4,2
DA:6,2
DA:7,2
DA:9,2
DA:10,0
DA:20,0
DA:24,0
DA:25,0
DA:26,0
DA:35,2
LF:12
LH:7
BRF:0
BRH:0
end_of_record
TN:
SF:src\services\HashManager.ts
FN:6,(anonymous_13)
FN:13,(anonymous_15)
FNF:2
FNH:0
FNDA:0,(anonymous_13)
FNDA:0,(anonymous_15)
DA:1,1
DA:4,1
DA:7,0
DA:8,0
DA:9,0
DA:10,0
DA:14,0
DA:19,1
LF:8
LH:3
BRF:0
BRH:0
end_of_record
TN:
SF:src\services\IdGenerator.ts
FN:4,(anonymous_0)
FNF:1
FNH:0
FNDA:0,(anonymous_0)
DA:1,2
DA:3,2
DA:5,0
DA:9,2
LF:4
LH:3
BRF:0
BRH:0
end_of_record
